<?xml version="1.0" encoding="UTF-8"?>
<!-- Generated by org.testng.reporters.JUnitXMLReporter -->
<testsuite ignored="0" hostname="DESKTOP-E9783L9" failures="0" tests="7" name="Test" time="0.134" errors="0" timestamp="2023-12-17T11:35:33 PKT">
  <testcase classname="Practice.Testng.Classn3" name="test10" time="0.013"/>
  <testcase classname="Practice.Testng.Classn3" name="test11" time="0.004"/>
  <testcase classname="Practice.Testng.Classn2" name="test6" time="0.002"/>
  <testcase classname="Practice.Testng.Classn2" name="test7" time="0.012"/>
  <testcase classname="Practice.Testng.Classn1" name="test2" time="0.006"/>
  <testcase classname="Practice.Testng.Classn1" name="test4" time="0.002"/>
  <testcase classname="Practice.Testng.Classn4" name="test14" time="0.002"/>
</testsuite> <!-- Test -->
