<?xml version="1.0" encoding="UTF-8"?>
<testng-results ignored="0" total="7" passed="7" failed="0" skipped="0">
  <reporter-output>
  </reporter-output>
  <suite started-at="2023-12-17T11:35:33 PKT" name="Suite" finished-at="2023-12-17T11:35:33 PKT" duration-ms="134">
    <groups>
    </groups>
    <test started-at="2023-12-17T11:35:33 PKT" name="Test" finished-at="2023-12-17T11:35:33 PKT" duration-ms="134">
      <class name="Practice.Testng.Classn1">
        <test-method is-config="true" signature="test3()[pri:0, instance:Practice.Testng.Classn1@14dd9eb7]" started-at="2023-12-17T11:35:33 PKT" name="test3" finished-at="2023-12-17T11:35:33 PKT" duration-ms="2" status="PASS">
          <reporter-output>
          </reporter-output>
        </test-method> <!-- test3 -->
        <test-method signature="test2()[pri:0, instance:Practice.Testng.Classn1@14dd9eb7]" started-at="2023-12-17T11:35:33 PKT" name="test2" finished-at="2023-12-17T11:35:33 PKT" duration-ms="6" status="PASS">
          <reporter-output>
          </reporter-output>
        </test-method> <!-- test2 -->
        <test-method signature="test4()[pri:0, instance:Practice.Testng.Classn1@14dd9eb7]" started-at="2023-12-17T11:35:33 PKT" name="test4" finished-at="2023-12-17T11:35:33 PKT" duration-ms="2" status="PASS">
          <reporter-output>
          </reporter-output>
        </test-method> <!-- test4 -->
        <test-method is-config="true" signature="test1()[pri:0, instance:Practice.Testng.Classn1@14dd9eb7]" started-at="2023-12-17T11:35:33 PKT" name="test1" finished-at="2023-12-17T11:35:33 PKT" duration-ms="2" status="PASS">
          <reporter-output>
          </reporter-output>
        </test-method> <!-- test1 -->
      </class> <!-- Practice.Testng.Classn1 -->
      <class name="Practice.Testng.Classn3">
        <test-method is-config="true" signature="test12()[pri:0, instance:Practice.Testng.Classn3@f5ac9e4]" started-at="2023-12-17T11:35:33 PKT" name="test12" finished-at="2023-12-17T11:35:33 PKT" duration-ms="1" status="PASS">
          <reporter-output>
          </reporter-output>
        </test-method> <!-- test12 -->
        <test-method signature="test10()[pri:0, instance:Practice.Testng.Classn3@f5ac9e4]" started-at="2023-12-17T11:35:33 PKT" name="test10" finished-at="2023-12-17T11:35:33 PKT" duration-ms="13" status="PASS">
          <reporter-output>
          </reporter-output>
        </test-method> <!-- test10 -->
        <test-method signature="test11()[pri:0, instance:Practice.Testng.Classn3@f5ac9e4]" started-at="2023-12-17T11:35:33 PKT" name="test11" finished-at="2023-12-17T11:35:33 PKT" duration-ms="4" status="PASS">
          <reporter-output>
          </reporter-output>
        </test-method> <!-- test11 -->
        <test-method is-config="true" signature="test9()[pri:0, instance:Practice.Testng.Classn3@f5ac9e4]" started-at="2023-12-17T11:35:33 PKT" name="test9" finished-at="2023-12-17T11:35:33 PKT" duration-ms="2" status="PASS">
          <reporter-output>
          </reporter-output>
        </test-method> <!-- test9 -->
      </class> <!-- Practice.Testng.Classn3 -->
      <class name="Practice.Testng.Classn2">
        <test-method is-config="true" signature="test8()[pri:0, instance:Practice.Testng.Classn2@42e99e4a]" started-at="2023-12-17T11:35:33 PKT" name="test8" finished-at="2023-12-17T11:35:33 PKT" duration-ms="1" status="PASS">
          <reporter-output>
          </reporter-output>
        </test-method> <!-- test8 -->
        <test-method signature="test6()[pri:0, instance:Practice.Testng.Classn2@42e99e4a]" started-at="2023-12-17T11:35:33 PKT" name="test6" finished-at="2023-12-17T11:35:33 PKT" duration-ms="2" status="PASS">
          <reporter-output>
          </reporter-output>
        </test-method> <!-- test6 -->
        <test-method is-config="true" signature="test5()[pri:0, instance:Practice.Testng.Classn2@42e99e4a]" started-at="2023-12-17T11:35:33 PKT" name="test5" finished-at="2023-12-17T11:35:33 PKT" duration-ms="3" status="PASS">
          <reporter-output>
          </reporter-output>
        </test-method> <!-- test5 -->
        <test-method signature="test7()[pri:0, instance:Practice.Testng.Classn2@42e99e4a]" started-at="2023-12-17T11:35:33 PKT" name="test7" finished-at="2023-12-17T11:35:33 PKT" duration-ms="12" status="PASS">
          <reporter-output>
          </reporter-output>
        </test-method> <!-- test7 -->
        <test-method is-config="true" signature="test8()[pri:0, instance:Practice.Testng.Classn2@42e99e4a]" started-at="2023-12-17T11:35:33 PKT" name="test8" finished-at="2023-12-17T11:35:33 PKT" duration-ms="0" status="PASS">
          <reporter-output>
          </reporter-output>
        </test-method> <!-- test8 -->
        <test-method is-config="true" signature="test5()[pri:0, instance:Practice.Testng.Classn2@42e99e4a]" started-at="2023-12-17T11:35:33 PKT" name="test5" finished-at="2023-12-17T11:35:33 PKT" duration-ms="2" status="PASS">
          <reporter-output>
          </reporter-output>
        </test-method> <!-- test5 -->
      </class> <!-- Practice.Testng.Classn2 -->
      <class name="Practice.Testng.Classn4">
        <test-method is-config="true" signature="test15()[pri:0, instance:Practice.Testng.Classn4@6e20b53a]" started-at="2023-12-17T11:35:33 PKT" name="test15" finished-at="2023-12-17T11:35:33 PKT" duration-ms="11" status="PASS">
          <reporter-output>
          </reporter-output>
        </test-method> <!-- test15 -->
        <test-method signature="test14()[pri:0, instance:Practice.Testng.Classn4@6e20b53a]" started-at="2023-12-17T11:35:33 PKT" name="test14" finished-at="2023-12-17T11:35:33 PKT" duration-ms="2" status="PASS">
          <reporter-output>
          </reporter-output>
        </test-method> <!-- test14 -->
        <test-method is-config="true" signature="test13()[pri:0, instance:Practice.Testng.Classn4@6e20b53a]" started-at="2023-12-17T11:35:33 PKT" name="test13" finished-at="2023-12-17T11:35:33 PKT" duration-ms="1" status="PASS">
          <reporter-output>
          </reporter-output>
        </test-method> <!-- test13 -->
      </class> <!-- Practice.Testng.Classn4 -->
    </test> <!-- Test -->
  </suite> <!-- Suite -->
</testng-results>
